<?xml version="1.0" encoding="UTF-8"?>
<!-- Generated by org.testng.reporters.JUnitXMLReporter -->
<testsuite ignored="0" hostname="DESKTOP-P84P95T" failures="0" tests="3" name="Test" time="68.894" errors="0" timestamp="2023-01-09T16:50:24 IST">
  <testcase classname="tests.LoginTest2Dataprovider" name="login" time="0.967"/>
  <testcase classname="tests.LoginTest2Dataprovider" name="login" time="10.842"/>
  <testcase classname="tests.LoginTest" name="login" time="2.78"/>
</testsuite> <!-- Test -->
