<?xml version="1.0" encoding="UTF-8"?>
<!-- Generated by org.testng.reporters.JUnitXMLReporter -->
<testsuite ignored="0" hostname="DESKTOP-P84P95T" failures="0" tests="3" name="Test" time="52.835" errors="0" timestamp="2023-01-09T15:40:42 IST">
  <testcase classname="tests.LoginTest2Dataprovider" name="login" time="0.916"/>
  <testcase classname="tests.LoginTest2Dataprovider" name="login" time="10.784"/>
  <testcase classname="tests.LoginTest" name="login" time="2.844"/>
</testsuite> <!-- Test -->
