<?xml version="1.0" encoding="UTF-8"?>
<testsuite xmlns:xsi="http://www.w3.org/2001/XMLSchema-instance" xsi:noNamespaceSchemaLocation="https://maven.apache.org/surefire/maven-surefire-plugin/xsd/surefire-test-report-3.0.xsd" version="3.0" name="TestSuite" time="43.381" tests="4" errors="0" skipped="0" failures="1">
  <properties>
[...]
</properties>
  <testcase name="login" classname="tests.LoginTest" time="0.168">
    <system-out><![CDATA[Fail Test Executed
2023-01-11 15:35:10,272 TestNG-tests-1 ERROR The parameter is null: filePattern
2023-01-11 15:35:10,275 TestNG-tests-1 ERROR Could not create plugin of type class org.apache.logging.log4j.core.appender.RollingFileAppender for element RollingFile org.apache.logging.log4j.core.config.ConfigurationException: Arguments given for element RollingFile are invalid: field 'filePattern' has invalid value 'null'
	at org.apache.logging.log4j.core.config.plugins.util.PluginBuilder.injectFields(PluginBuilder.java:199)
	at org.apache.logging.log4j.core.config.plugins.util.PluginBuilder.build(PluginBuilder.java:123)
	at org.apache.logging.log4j.core.config.AbstractConfiguration.createPluginObject(AbstractConfiguration.java:1138)
	at org.apache.logging.log4j.core.config.AbstractConfiguration.createConfiguration(AbstractConfiguration.java:1063)
	at org.apache.logging.log4j.core.config.AbstractConfiguration.createConfiguration(AbstractConfiguration.java:1055)
	at org.apache.logging.log4j.core.config.AbstractConfiguration.doConfigure(AbstractConfiguration.java:664)
	at org.apache.logging.log4j.core.config.AbstractConfiguration.initialize(AbstractConfiguration.java:258)
	at org.apache.logging.log4j.core.config.AbstractConfiguration.start(AbstractConfiguration.java:304)
	at org.apache.logging.log4j.core.LoggerContext.setConfiguration(LoggerContext.java:621)
	at org.apache.logging.log4j.core.LoggerContext.reconfigure(LoggerContext.java:694)
	at org.apache.logging.log4j.core.LoggerContext.reconfigure(LoggerContext.java:711)
	at org.apache.logging.log4j.core.LoggerContext.start(LoggerContext.java:253)
	at org.apache.logging.log4j.core.impl.Log4jContextFactory.getContext(Log4jContextFactory.java:245)
	at org.apache.logging.log4j.core.impl.Log4jContextFactory.getContext(Log4jContextFactory.java:47)
	at org.apache.logging.log4j.LogManager.getContext(LogManager.java:176)
	at org.apache.logging.log4j.LogManager.getLogger(LogManager.java:666)
	at tests.LoginTest2Dataprovider.OpenApplication(LoginTest2Dataprovider.java:63)
	at java.base/jdk.internal.reflect.NativeMethodAccessorImpl.invoke0(Native Method)
	at java.base/jdk.internal.reflect.NativeMethodAccessorImpl.invoke(NativeMethodAccessorImpl.java:62)
	at java.base/jdk.internal.reflect.DelegatingMethodAccessorImpl.invoke(DelegatingMethodAccessorImpl.java:43)
	at java.base/java.lang.reflect.Method.invoke(Method.java:566)
	at org.testng.internal.invokers.MethodInvocationHelper.invokeMethod(MethodInvocationHelper.java:139)
	at org.testng.internal.invokers.MethodInvocationHelper.invokeMethodConsideringTimeout(MethodInvocationHelper.java:69)
	at org.testng.internal.invokers.ConfigInvoker.invokeConfigurationMethod(ConfigInvoker.java:361)
	at org.testng.internal.invokers.ConfigInvoker.invokeConfigurations(ConfigInvoker.java:296)
	at org.testng.internal.invokers.TestInvoker.runConfigMethods(TestInvoker.java:823)
	at org.testng.internal.invokers.TestInvoker.invokeMethod(TestInvoker.java:590)
	at org.testng.internal.invokers.TestInvoker.invokeTestMethod(TestInvoker.java:221)
	at org.testng.internal.invokers.MethodRunner.runInSequence(MethodRunner.java:50)
	at org.testng.internal.invokers.TestInvoker$MethodInvocationAgent.invoke(TestInvoker.java:969)
	at org.testng.internal.invokers.TestInvoker.invokeTestMethods(TestInvoker.java:194)
	at org.testng.internal.invokers.TestMethodWorker.invokeTestMethods(TestMethodWorker.java:148)
	at org.testng.internal.invokers.TestMethodWorker.run(TestMethodWorker.java:128)
	at java.base/java.util.ArrayList.forEach(ArrayList.java:1541)
	at org.testng.TestRunner.privateRun(TestRunner.java:829)
	at org.testng.TestRunner.run(TestRunner.java:602)
	at org.testng.SuiteRunner.runTest(SuiteRunner.java:437)
	at org.testng.SuiteRunner$SuiteWorker.run(SuiteRunner.java:475)
	at org.testng.internal.thread.ThreadUtil.lambda$execute$0(ThreadUtil.java:58)
	at java.base/java.util.concurrent.FutureTask.run(FutureTask.java:264)
	at java.base/java.util.concurrent.ThreadPoolExecutor.runWorker(ThreadPoolExecutor.java:1128)
	at java.base/java.util.concurrent.ThreadPoolExecutor$Worker.run(ThreadPoolExecutor.java:628)
	at java.base/java.lang.Thread.run(Thread.java:834)

2023-01-11 15:35:10,283 TestNG-tests-1 ERROR Null object returned for RollingFile in Appenders.
2023-01-11 15:35:10,290 TestNG-tests-1 ERROR Unable to locate appender "File" for logger config "root"
]]></system-out>
    <system-err><![CDATA[SLF4J: No SLF4J providers were found.
SLF4J: Defaulting to no-operation (NOP) logger implementation
SLF4J: See https://www.slf4j.org/codes.html#noProviders for further details.
SSttaratritnign gC hrCohmreoDmreiDvreirv e10r7 .100.7.503.0543.0642. 6(12e e(c14e0edc34a05d7364a85871c6942808815ca9a2e0e8656ada2e5e06765dc2155097a5ac-1r5ef9as/ab-rreafnsc/hb-rhanceha-dhse/a5d3s0/45@3{0#944@2{#}9) 4o2n} ) onp oporrt t3 42837351
On
lOyn llyo claolc aclo nconnneeccttiioonns sa raer ea lallolwoewd.ed
.Pl
ePalseea ssee see eh thtttpsps::////cchhrroommeeddrriivveerr..cchhrroomimumi.uomr.go/rsge/csuerictuyr-ictoyn-scoindseirdaetriaotniso nfsor  fsourg gsesutgigoesntsi onso no nk ekeepiengp iCngh rCohmreoDmreiDvreirv esra fsea.fe
.
ChromeDriver was started successfully.
ChromeDriver was startedS stuacrctesisnfgu lClhyr.om
eDriver 107.0.5304.62 (1eec40d3a5764881c92085aaee66d25075c159aa-refs/branch-heads/5304@{#942}) on port 32167
Only local connections are allowed.
Please see https://chromedriver.chromium.org/security-considerations for suggestions on keeping ChromeDriver safe.
ChromeDriver was started successfully.
]]></system-err>
  </testcase>
  <testcase name="failtest" classname="tests.failTest" time="0.201">
    <failure message="expected [true] but found [false]" type="java.lang.AssertionError"><![CDATA[java.lang.AssertionError: expected [true] but found [false]
	at org.testng.Assert.fail(Assert.java:110)
	at org.testng.Assert.failNotEquals(Assert.java:1577)
	at org.testng.Assert.assertTrue(Assert.java:56)
	at org.testng.Assert.assertTrue(Assert.java:66)
	at tests.failTest.failtest(failTest.java:19)
	at java.base/jdk.internal.reflect.NativeMethodAccessorImpl.invoke0(Native Method)
	at java.base/jdk.internal.reflect.NativeMethodAccessorImpl.invoke(NativeMethodAccessorImpl.java:62)
	at java.base/jdk.internal.reflect.DelegatingMethodAccessorImpl.invoke(DelegatingMethodAccessorImpl.java:43)
	at java.base/java.lang.reflect.Method.invoke(Method.java:566)
	at org.testng.internal.invokers.MethodInvocationHelper.invokeMethod(MethodInvocationHelper.java:139)
	at org.testng.internal.invokers.TestInvoker.invokeMethod(TestInvoker.java:677)
	at org.testng.internal.invokers.TestInvoker.invokeTestMethod(TestInvoker.java:221)
	at org.testng.internal.invokers.MethodRunner.runInSequence(MethodRunner.java:50)
	at org.testng.internal.invokers.TestInvoker$MethodInvocationAgent.invoke(TestInvoker.java:969)
	at org.testng.internal.invokers.TestInvoker.invokeTestMethods(TestInvoker.java:194)
	at org.testng.internal.invokers.TestMethodWorker.invokeTestMethods(TestMethodWorker.java:148)
	at org.testng.internal.invokers.TestMethodWorker.run(TestMethodWorker.java:128)
	at java.base/java.util.ArrayList.forEach(ArrayList.java:1541)
	at org.testng.TestRunner.privateRun(TestRunner.java:829)
	at org.testng.TestRunner.run(TestRunner.java:602)
	at org.testng.SuiteRunner.runTest(SuiteRunner.java:437)
	at org.testng.SuiteRunner$SuiteWorker.run(SuiteRunner.java:475)
	at org.testng.internal.thread.ThreadUtil.lambda$execute$0(ThreadUtil.java:58)
	at java.base/java.util.concurrent.FutureTask.run(FutureTask.java:264)
	at java.base/java.util.concurrent.ThreadPoolExecutor.runWorker(ThreadPoolExecutor.java:1128)
	at java.base/java.util.concurrent.ThreadPoolExecutor$Worker.run(ThreadPoolExecutor.java:628)
	at java.base/java.lang.Thread.run(Thread.java:834)
]]></failure>
  </testcase>
  <testcase name="login[annapurnamajhi3@gmail.com, majhi@345, Successful](1)" classname="tests.LoginTest2Dataprovider" time="3.943"/>
  <testcase name="login[an@gmail.com, mayuu, failure](2)" classname="tests.LoginTest2Dataprovider" time="13.712">
    <system-err><![CDATA[Starting ChromeDriver 107.0.5304.62 (1eec40d3a5764881c92085aaee66d25075c159aa-refs/branch-heads/5304@{#942}) on port 22279
Only local connections are allowed.
Please see https://chromedriver.chromium.org/security-considerations for suggestions on keeping ChromeDriver safe.
ChromeDriver was started successfully.
[1673431521.174][WARNING]: Timed out connecting to Chrome, retrying...
[1673431529.280][WARNING]: Timed out connecting to Chrome, retrying...
]]></system-err>
  </testcase>
</testsuite>